make all --print-data-base --no-builtin-variables --no-builtin-rules --question
# GNU Make 4.4
# Built for x86_64-pc-linux-gnu
# Copyright (C) 1988-2022 Free Software Foundation, Inc.
# License GPLv3+: GNU GPL version 3 or later <https://gnu.org/licenses/gpl.html>
# This is free software: you are free to change and redistribute it.
# There is NO WARRANTY, to the extent permitted by law.

# Make data base, printed on Mon Feb 13 17:23:06 2023

# Variables

# environment
GDK_BACKEND = x11
# environment
LC_ALL = C
# environment
NO_AT_BRIDGE = 1
# environment
GTK_RC_FILES = /etc/gtk/gtkrc:/home/syhx/.gtkrc:/home/syhx/.config/gtkrc
# environment
VSCODE_CWD = /home/syhx/C/CS:APP/datalab-handout
# makefile (from 'Makefile', line 6)
LIBS = -lm
# default
MAKE_COMMAND := make
# automatic
@D = $(patsubst %/,%,$(dir $@))
# environment
VSCODE_HANDLES_UNCAUGHT_ERRORS = true
# default
.VARIABLES := 
# environment
PWD = /home/syhx/C/CS:APP/datalab-handout
# automatic
%D = $(patsubst %/,%,$(dir $%))
# environment
MAIL = /var/spool/mail/syhx
# environment
XDG_DATA_DIRS = /home/syhx/.local/share/flatpak/exports/share:/var/lib/flatpak/exports/share:/usr/local/share:/usr/share
# environment
OLDPWD = /home/syhx
# automatic
^D = $(patsubst %/,%,$(dir $^))
# automatic
%F = $(notdir $%)
# environment
VSCODE_CODE_CACHE_PATH = /home/syhx/.config/Code/CachedData/441438abd1ac652551dbe4d408dfcec8a499b8bf
# environment
XDG_SESSION_PATH = /org/freedesktop/DisplayManager/Session1
# environment
LANG = C
# environment
XAUTHORITY = /home/syhx/.Xauthority
# default
.LOADED := 
# default
.INCLUDE_DIRS := /usr/local/include /usr/include
# makefile
MAKEFLAGS = pqrR
# makefile
CURDIR := /home/syhx/C/CS:APP/datalab-handout
# environment
APPLICATION_INSIGHTS_NO_DIAGNOSTIC_CHANNEL = 1
# automatic
*D = $(patsubst %/,%,$(dir $*))
# environment
PAM_KWALLET5_LOGIN = /run/user/1000/kwallet5.socket
# environment
MFLAGS = -pqrR
# default
.SHELLFLAGS := -c
# environment
XDG_CONFIG_DIRS = /home/syhx/.config/kdedefaults:/etc/xdg
# automatic
+D = $(patsubst %/,%,$(dir $+))
# environment
XCURSOR_THEME = breeze_cursors
# environment
XDG_SESSION_DESKTOP = KDE
# makefile (from 'Makefile', line 1)
MAKEFILE_LIST := Makefile
# automatic
@F = $(notdir $@)
# environment
VSCODE_PID = 18584
# environment
XDG_SESSION_TYPE = x11
# automatic
?D = $(patsubst %/,%,$(dir $?))
# environment
INPUT_METHOD = fcitx
# environment
SESSION_MANAGER = local/syhx:@/tmp/.ICE-unix/963,unix/syhx:/tmp/.ICE-unix/963
# automatic
*F = $(notdir $*)
# environment
CHROME_DESKTOP = code-url-handler.desktop
# environment
DBUS_SESSION_BUS_ADDRESS = unix:path=/run/user/1000/bus
# automatic
<D = $(patsubst %/,%,$(dir $<))
# environment
VSCODE_NLS_CONFIG = {"locale":"zh-cn","availableLanguages":{"*":"zh-cn"},"_languagePackId":"9b5452d887be13954349220f03f749e9.zh-cn","_translationsConfigFile":"/home/syhx/.config/Code/clp/9b5452d887be13954349220f03f749e9.zh-cn/tcf.json","_cacheRoot":"/home/syhx/.config/Code/clp/9b5452d887be13954349220f03f749e9.zh-cn","_resolvedLanguagePackCoreLocation":"/home/syhx/.config/Code/clp/9b5452d887be13954349220f03f749e9.zh-cn/441438abd1ac652551dbe4d408dfcec8a499b8bf","_corruptedFile":"/home/syhx/.config/Code/clp/9b5452d887be13954349220f03f749e9.zh-cn/corrupted.info","_languagePackSupport":true}
# default
MAKE_HOST := x86_64-pc-linux-gnu
# environment
SDL_IM_MODULE = fcitx
# makefile
SHELL = /bin/sh
# default
MAKECMDGOALS := all
# environment
XMODIFIERS = @im=fcitx
# environment
SHLVL = 1
# environment
MAKELEVEL := 0
# default
MAKE = $(MAKE_COMMAND)
# environment
PATH = /usr/local/sbin:/usr/local/bin:/usr/bin:/usr/lib/jvm/default/bin:/usr/bin/site_perl:/usr/bin/vendor_perl:/usr/bin/core_perl
# default
MAKEFILES := 
# environment
LANGUAGE = en_US:zh_CN
# environment
MOTD_SHOWN = pam
# automatic
^F = $(notdir $^)
# environment
INVOCATION_ID = de50f6c45b4b496bbcdf21bced5752a1
# automatic
?F = $(notdir $?)
# environment
KDE_APPLICATIONS_AS_SCOPE = 1
# environment
XDG_SEAT = seat0
# environment
GTK_IM_MODULE = fcitx
# environment
XDG_CURRENT_DESKTOP = KDE
# automatic
+F = $(notdir $+)
# environment
XDG_SEAT_PATH = /org/freedesktop/DisplayManager/Seat0
# environment
DESKTOP_SESSION = plasma
# environment
ORIGINAL_XDG_CURRENT_DESKTOP = KDE
# 'override' directive
GNUMAKEFLAGS := 
# environment
LOGNAME = syhx
# environment
XDG_VTNR = 1
# makefile
.DEFAULT_GOAL := all
# environment
SYSTEMD_EXEC_PID = 1007
# environment
DISPLAY = :0
# environment
GTK_MODULES = canberra-gtk-module
# environment
USER = syhx
# default
MAKE_VERSION := 4.4
# environment
KDE_SESSION_UID = 1000
# environment
MANAGERPID = 883
# environment
GLFW_IM_MODULE = ibus
# environment
DEBUGINFOD_URLS = https://debuginfod.archlinux.org
# environment
_ = /usr/bin/make
# environment
XDG_RUNTIME_DIR = /run/user/1000
# makefile (from 'Makefile', line 5)
CFLAGS = -O -Wall -m32
# environment
JOURNAL_STREAM = 8:22963
# environment
XDG_SESSION_CLASS = user
# environment
VSCODE_AMD_ENTRYPOINT = vs/workbench/api/node/extensionHostProcess
# environment
GTK2_RC_FILES = /etc/gtk-2.0/gtkrc:/home/syhx/.gtkrc-2.0:/home/syhx/.config/gtkrc-2.0
# environment
HOME = /home/syhx
# environment
QT_IM_MODULE = fcitx
# environment
ELECTRON_RUN_AS_NODE = 1
# environment
VSCODE_IPC_HOOK = /run/user/1000/vscode-790c4567-1.75.1-main.sock
# environment
XDG_SESSION_ID = 2
# environment
XCURSOR_SIZE = 24
# default
.RECIPEPREFIX := 
# automatic
<F = $(notdir $<)
# default
SUFFIXES := 
# environment
QT_AUTO_SCREEN_SCALE_FACTOR = 0
# environment
VSCODE_CLI = 1
# environment
ELECTRON_NO_ATTACH_CONSOLE = 1
# environment
KDE_SESSION_VERSION = 5
# default
.FEATURES := target-specific order-only second-expansion else-if shortest-stem undefine oneshell nocomment grouped-target extra-prereqs notintermediate shell-export archives jobserver jobserver-fifo output-sync check-symlink guile load
# makefile (from 'Makefile', line 4)
CC = gcc
# environment
KDE_FULL_SESSION = true
# variable set hash-table stats:
# Load=105/1024=10%, Rehash=0, Collisions=2/144=1%

# Pattern-specific Variable Values

# No pattern-specific variable values.

# Directories

# . (device 66307, inode 7995535): 23 files, no impossibilities.

# 23 files, no impossibilities in 1 directories.

# Implicit Rules

# No implicit rules.

# Files

ishow: ishow.c
#  Implicit rule search has not been done.
#  Modification time never checked.
#  File has not been updated.
#  recipe to execute (from 'Makefile', line 17):
	$(CC) $(CFLAGS) -o ishow ishow.c

# Not a target:
Makefile:
#  Implicit rule search has been done.
#  File is secondary (prerequisite of .SECONDARY).
#  Last modified 2010-11-02 22:24:53
#  File has been updated.
#  Successfully updated.

fshow: fshow.c
#  Implicit rule search has not been done.
#  Modification time never checked.
#  File has not been updated.
#  recipe to execute (from 'Makefile', line 14):
	$(CC) $(CFLAGS) -o fshow fshow.c

clean:
#  Implicit rule search has not been done.
#  Modification time never checked.
#  File has not been updated.
#  recipe to execute (from 'Makefile', line 24):
	rm -f *.o btest fshow ishow *~

# Not a target:
btest.c:
#  Implicit rule search has been done.
#  File is secondary (prerequisite of .SECONDARY).
#  Last modified 2017-08-23 18:24:10
#  File has been updated.
#  Successfully updated.

# Not a target:
ishow.c:
#  Implicit rule search has not been done.
#  Modification time never checked.
#  File has not been updated.

# Not a target:
btest.h:
 
#  Implicit rule search has been done.
#  File is secondary (prerequisite of .SECONDARY).
#  Last modified 2010-09-14 02:36:45
#  File has been updated.
#  Successfully updated.

# Not a target:
tests.c:
#  Implicit rule search has been done.
#  File is secondary (prerequisite of .SECONDARY).
#  Last modified 2019-12-17 04:26:50
#  File has been updated.
#  Successfully updated.

# Not a target:
.DEFAULT:
#  Implicit rule search has not been done.
#  Modification time never checked.
#  File has not been updated.

all: btest fshow ishow
#  Command line target.
#  Implicit rule search has been done.
#  File does not exist.
#  File has been updated.
#  Needs to be updated (-q is set).
# variable set hash-table stats:
# Load=0/32=0%, Rehash=0, Collisions=0/6=0%

btest: btest.c bits.c decl.c tests.c btest.h bits.h
#  Implicit rule search has not been done.
#  Implicit/static pattern stem: ''
#  Last modified 2023-02-13 17:11:45.344102948
#  File has been updated.
#  Needs to be updated (-q is set).
# automatic
# @ := btest
# automatic
# * := 
# automatic
# < := btest.c
# automatic
# + := btest.c bits.c decl.c tests.c btest.h bits.h
# automatic
# % := 
# automatic
# ^ := btest.c bits.c decl.c tests.c btest.h bits.h
# automatic
# ? := bits.c
# automatic
# | := 
# variable set hash-table stats:
# Load=8/32=25%, Rehash=0, Collisions=5/14=36%
#  recipe to execute (from 'Makefile', line 11):
	$(CC) $(CFLAGS) $(LIBS) -o btest bits.c btest.c decl.c tests.c

# Not a target:
decl.c:
#  Implicit rule search has been done.
#  File is secondary (prerequisite of .SECONDARY).
#  Last modified 2019-12-17 04:26:50
#  File has been updated.
#  Successfully updated.

# Not a target:
bits.h:
#  Implicit rule search has been done.
#  File is secondary (prerequisite of .SECONDARY).
#  Last modified 2019-12-17 04:26:50
#  File has been updated.
#  Successfully updated.

# Not a target:
fshow.c:
#  Implicit rule search has not been done.
#  Modification time never checked.
#  File has not been updated.

btestexplicit:
#  Implicit rule search has not been done.
#  Modification time never checked.
#  File has not been updated.
#  recipe to execute (from 'Makefile', line 21):
	$(CC) $(CFLAGS) $(LIBS) -o btest bits.c btest.c decl.c tests.c 

# Not a target:
bits.c:
#  Implicit rule search has been done.
#  File is secondary (prerequisite of .SECONDARY).
#  Last modified 2023-02-13 17:22:24.652298417
#  File has been updated.
#  Successfully updated.

# Not a target:
.SUFFIXES:
#  Implicit rule search has not been done.
#  Modification time never checked.
#  File has not been updated.

# files hash-table stats:
# Load=17/1024=2%, Rehash=0, Collisions=5/44=11%
# VPATH Search Paths

# No 'vpath' search paths.

# No general ('VPATH' variable) search path.

# strcache buffers: 1 (0) / strings = 30 / storage = 252 B / avg = 8 B
# current buf: size = 8162 B / used = 252 B / count = 30 / avg = 8 B

# strcache performance: lookups = 57 / hit rate = 47%
# hash-table stats:
# Load=30/8192=0%, Rehash=0, Collisions=0/57=0%
# Finished Make data base on Mon Feb 13 17:23:06 2023

 
